android/app/build/outputs/logs/manifest-merger-dev-debug-report.txt
-- Merging decision tree log ---
manifest
ADDED from src/main/AndroidManifest.xml:2:1-274:12
	package
		ADDED from src/main/AndroidManifest.xml:3:3-30
		INJECTED from src/main/AndroidManifest.xml
		INJECTED from src/main/AndroidManifest.xml
	android:versionName
		INJECTED from src/main/AndroidManifest.xml
		INJECTED from src/main/AndroidManifest.xml
	xmlns:tools
		ADDED from src/main/AndroidManifest.xml:5:3-49
	xmlns:android
		ADDED from src/main/AndroidManifest.xml:4:3-61
	android:versionCode
		INJECTED from src/main/AndroidManifest.xml
		INJECTED from src/main/AndroidManifest.xml
permission#org.brownspace.equisat.permission.C2D_MESSAGE
ADDED from src/main/AndroidManifest.xml:7:3-9:42
MERGED from [com.google.firebase:firebase-iid:12.0.1] AndroidManifest.xml:28:5-30:47
	android:protectionLevel
		ADDED from src/main/AndroidManifest.xml:9:5-40
	android:name
		ADDED from src/main/AndroidManifest.xml:8:5-65
uses-permission#org.brownspace.equisat.permission.C2D_MESSAGE
ADDED from src/main/AndroidManifest.xml:12:3-83
MERGED from [com.google.firebase:firebase-iid:12.0.1] AndroidManifest.xml:32:5-79
	android:name
		ADDED from src/main/AndroidManifest.xml:12:20-80
uses-permission#com.google.android.c2dm.permission.RECEIVE
ADDED from src/main/AndroidManifest.xml:13:3-80
MERGED from [com.google.android.gms:play-services-gcm:12.0.1] AndroidManifest.xml:23:5-82
MERGED from [com.google.android.gms:play-services-iid:12.0.1] AndroidManifest.xml:23:5-82
MERGED from [com.google.firebase:firebase-iid:12.0.1] AndroidManifest.xml:26:5-82
	android:name
		ADDED from src/main/AndroidManifest.xml:13:20-77
uses-permission#android.permission.ACCESS_NETWORK_STATE
ADDED from src/main/AndroidManifest.xml:14:3-77
MERGED from [host.exp.exponent:expoview:28.0.0] AndroidManifest.xml:25:5-79
MERGED from [com.facebook.android:audience-network-sdk:4.26.1] AndroidManifest.xml:12:5-79
MERGED from [com.google.android.gms:play-services-analytics:12.0.1] AndroidManifest.xml:24:5-79
MERGED from [com.google.android.gms:play-services-analytics-impl:12.0.1] AndroidManifest.xml:24:5-79
MERGED from [com.google.android.gms:play-services-ads-lite:12.0.1] AndroidManifest.xml:24:5-79
MERGED from [com.google.android.gms:play-services-maps:12.0.1] AndroidManifest.xml:23:5-79
MERGED from [io.nlopez.smartlocation:library:3.2.11] AndroidManifest.xml:13:5-79
MERGED from [com.google.firebase:firebase-analytics:12.0.1] AndroidManifest.xml:24:5-79
MERGED from [com.google.firebase:firebase-analytics-impl:12.0.1] AndroidManifest.xml:24:5-79
MERGED from [com.google.firebase:firebase-iid:12.0.1] AndroidManifest.xml:22:5-79
	android:name
		ADDED from src/main/AndroidManifest.xml:14:20-74
uses-permission#android.permission.INTERNET
ADDED from src/main/AndroidManifest.xml:15:3-65
MERGED from [host.exp.exponent:expoview:28.0.0] AndroidManifest.xml:19:5-67
MERGED from [com.crashlytics.sdk.android:crashlytics:2.5.5] AndroidManifest.xml:9:5-67
MERGED from [com.crashlytics.sdk.android:crashlytics-core:2.3.8] AndroidManifest.xml:9:5-67
MERGED from [com.crashlytics.sdk.android:answers:1.3.6] AndroidManifest.xml:9:5-67
MERGED from [io.fabric.sdk.android:fabric:1.3.10] AndroidManifest.xml:25:5-67
MERGED from [com.crashlytics.sdk.android:beta:1.1.4] AndroidManifest.xml:9:5-67
MERGED from [com.facebook.android:audience-network-sdk:4.26.1] AndroidManifest.xml:11:5-67
MERGED from [com.google.android.gms:play-services-gcm:12.0.1] AndroidManifest.xml:24:5-67
MERGED from [com.google.android.gms:play-services-iid:12.0.1] AndroidManifest.xml:24:5-67
MERGED from [com.google.android.gms:play-services-analytics:12.0.1] AndroidManifest.xml:23:5-67
MERGED from [com.google.android.gms:play-services-analytics-impl:12.0.1] AndroidManifest.xml:23:5-67
MERGED from [com.google.android.gms:play-services-ads-lite:12.0.1] AndroidManifest.xml:23:5-67
MERGED from [com.google.android.gms:play-services-maps:12.0.1] AndroidManifest.xml:24:5-67
MERGED from [net.openid:appauth:0.4.1] AndroidManifest.xml:24:5-67
MERGED from [com.google.firebase:firebase-analytics:12.0.1] AndroidManifest.xml:23:5-67
MERGED from [com.google.firebase:firebase-analytics-impl:12.0.1] AndroidManifest.xml:23:5-67
MERGED from [com.google.firebase:firebase-iid:12.0.1] AndroidManifest.xml:23:5-67
	android:name
		ADDED from src/main/AndroidManifest.xml:15:20-62
uses-permission#android.permission.SYSTEM_ALERT_WINDOW
ADDED from src/main/AndroidManifest.xml:16:3-76
MERGED from [host.exp.exponent:expoview:28.0.0] AndroidManifest.xml:21:5-78
MERGED from [com.facebook.react:react-native:28.0.0] AndroidManifest.xml:11:5-78
MERGED from [host.exp:reactandroid-abi28_0_0:1.0.0] AndroidManifest.xml:11:5-78
MERGED from [host.exp:reactandroid-abi27_0_0:1.0.0] AndroidManifest.xml:11:5-78
MERGED from [host.exp:reactandroid-abi26_0_0:1.0.0] AndroidManifest.xml:11:5-78
MERGED from [host.exp:reactandroid-abi25_0_0:1.0.0] AndroidManifest.xml:11:5-78
MERGED from [host.exp:reactandroid-abi24_0_0:1.0.0] AndroidManifest.xml:11:5-78
MERGED from [host.exp:reactandroid-abi23:1.0.0] AndroidManifest.xml:11:5-78
MERGED from [host.exp:reactandroid-abi22:1.0.0] AndroidManifest.xml:11:5-78
	android:name
		ADDED from src/main/AndroidManifest.xml:16:20-73
uses-permission#android.permission.WAKE_LOCK
ADDED from src/main/AndroidManifest.xml:17:3-66
MERGED from [host.exp.exponent:expoview:28.0.0] AndroidManifest.xml:22:5-68
MERGED from [com.google.android.gms:play-services-analytics:12.0.1] AndroidManifest.xml:27:5-68
MERGED from [com.google.android.gms:play-services-analytics-impl:12.0.1] AndroidManifest.xml:27:5-68
MERGED from [com.google.firebase:firebase-analytics:12.0.1] AndroidManifest.xml:25:5-68
MERGED from [com.google.firebase:firebase-analytics-impl:12.0.1] AndroidManifest.xml:25:5-68
MERGED from [com.google.firebase:firebase-iid:12.0.1] AndroidManifest.xml:24:5-68
	android:name
		ADDED from src/main/AndroidManifest.xml:17:20-63
uses-permission#android.permission.ACCESS_COARSE_LOCATION
ADDED from src/main/AndroidManifest.xml:20:7-83
MERGED from [host.exp.exponent:expoview:28.0.0] AndroidManifest.xml:37:5-81
MERGED from [io.nlopez.smartlocation:library:3.2.11] AndroidManifest.xml:12:5-81
	android:name
		ADDED from src/main/AndroidManifest.xml:20:24-80
uses-permission#android.permission.ACCESS_FINE_LOCATION
ADDED from src/main/AndroidManifest.xml:21:1-75
MERGED from [host.exp.exponent:expoview:28.0.0] AndroidManifest.xml:38:5-79
MERGED from [io.nlopez.smartlocation:library:3.2.11] AndroidManifest.xml:14:5-79
	android:name
		ADDED from src/main/AndroidManifest.xml:21:18-72
uses-permission#android.permission.CAMERA
ADDED from src/main/AndroidManifest.xml:22:7-87
REJECTED from [host.exp.exponent:expoview:28.0.0] AndroidManifest.xml:36:5-65
REJECTED from [com.google.android:cameraview:1.0.0] AndroidManifest.xml:23:5-65
	tools:node
		ADDED from src/main/AndroidManifest.xml:22:65-84
	android:name
		ADDED from src/main/AndroidManifest.xml:22:24-64
uses-permission#android.permission.MANAGE_DOCUMENTS
ADDED from src/main/AndroidManifest.xml:23:1-91
REJECTED from [host.exp.exponent:expoview:28.0.0] AndroidManifest.xml:26:5-75
	tools:node
		ADDED from src/main/AndroidManifest.xml:23:69-88
	android:name
		ADDED from src/main/AndroidManifest.xml:23:18-68
uses-permission#android.permission.READ_CONTACTS
ADDED from src/main/AndroidManifest.xml:24:1-88
REJECTED from [host.exp.exponent:expoview:28.0.0] AndroidManifest.xml:31:5-72
	tools:node
		ADDED from src/main/AndroidManifest.xml:24:66-85
	android:name
		ADDED from src/main/AndroidManifest.xml:24:18-65
uses-permission#android.permission.READ_CALENDAR
ADDED from src/main/AndroidManifest.xml:25:1-88
REJECTED from [host.exp.exponent:expoview:28.0.0] AndroidManifest.xml:32:5-72
	tools:node
		ADDED from src/main/AndroidManifest.xml:25:66-85
	android:name
		ADDED from src/main/AndroidManifest.xml:25:18-65
uses-permission#android.permission.WRITE_CALENDAR
ADDED from src/main/AndroidManifest.xml:26:1-89
REJECTED from [host.exp.exponent:expoview:28.0.0] AndroidManifest.xml:33:5-73
	tools:node
		ADDED from src/main/AndroidManifest.xml:26:67-86
	android:name
		ADDED from src/main/AndroidManifest.xml:26:18-66
uses-permission#android.permission.READ_EXTERNAL_STORAGE
ADDED from src/main/AndroidManifest.xml:27:1-96
REJECTED from [host.exp.exponent:expoview:28.0.0] AndroidManifest.xml:34:5-80
	tools:node
		ADDED from src/main/AndroidManifest.xml:27:74-93
	android:name
		ADDED from src/main/AndroidManifest.xml:27:18-73
uses-permission#android.permission.READ_INTERNAL_STORAGE
ADDED from src/main/AndroidManifest.xml:28:1-96
REJECTED from [host.exp.exponent:expoview:28.0.0] AndroidManifest.xml:24:5-80
	tools:node
		ADDED from src/main/AndroidManifest.xml:28:74-93
	android:name
		ADDED from src/main/AndroidManifest.xml:28:18-73
uses-permission#android.permission.READ_PHONE_STATE
ADDED from src/main/AndroidManifest.xml:29:1-91
	tools:node
		ADDED from src/main/AndroidManifest.xml:29:69-88
	android:name
		ADDED from src/main/AndroidManifest.xml:29:18-68
uses-permission#android.permission.RECORD_AUDIO
ADDED from src/main/AndroidManifest.xml:30:1-87
	tools:node
		ADDED from src/main/AndroidManifest.xml:30:65-84
	android:name
		ADDED from src/main/AndroidManifest.xml:30:18-64
uses-permission#android.permission.USE_FINGERPRINT
ADDED from src/main/AndroidManifest.xml:31:1-90
REJECTED from [host.exp.exponent:expoview:28.0.0] AndroidManifest.xml:27:5-74
	tools:node
		ADDED from src/main/AndroidManifest.xml:31:68-87
	android:name
		ADDED from src/main/AndroidManifest.xml:31:18-67
uses-permission#android.permission.VIBRATE
ADDED from src/main/AndroidManifest.xml:32:1-82
	tools:node
		ADDED from src/main/AndroidManifest.xml:32:60-79
	android:name
		ADDED from src/main/AndroidManifest.xml:32:18-59
uses-permission#android.permission.WRITE_EXTERNAL_STORAGE
ADDED from src/main/AndroidManifest.xml:33:1-97
REJECTED from [host.exp.exponent:expoview:28.0.0] AndroidManifest.xml:35:5-81
	tools:node
		ADDED from src/main/AndroidManifest.xml:33:75-94
	android:name
		ADDED from src/main/AndroidManifest.xml:33:18-74
uses-permission#android.permission.READ_SMS
ADDED from src/main/AndroidManifest.xml:34:1-83
	tools:node
		ADDED from src/main/AndroidManifest.xml:34:61-80
	android:name
		ADDED from src/main/AndroidManifest.xml:34:18-60
uses-permission#com.anddoes.launcher.permission.UPDATE_COUNT
ADDED from src/main/AndroidManifest.xml:35:1-100
REJECTED from [me.leolin:ShortcutBadger:1.1.4] AndroidManifest.xml:30:5-84
	tools:node
		ADDED from src/main/AndroidManifest.xml:35:78-97
	android:name
		ADDED from src/main/AndroidManifest.xml:35:18-77
uses-permission#com.android.launcher.permission.INSTALL_SHORTCUT
ADDED from src/main/AndroidManifest.xml:36:1-104
REJECTED from [host.exp.exponent:expoview:28.0.0] AndroidManifest.xml:20:5-88
	tools:node
		ADDED from src/main/AndroidManifest.xml:36:82-101
	android:name
		ADDED from src/main/AndroidManifest.xml:36:18-81
uses-permission#com.google.android.gms.permission.ACTIVITY_RECOGNITION
ADDED from src/main/AndroidManifest.xml:37:1-110
REJECTED from [io.nlopez.smartlocation:library:3.2.11] AndroidManifest.xml:16:5-94
	tools:node
		ADDED from src/main/AndroidManifest.xml:37:88-107
	android:name
		ADDED from src/main/AndroidManifest.xml:37:18-87
uses-permission#com.google.android.providers.gsf.permission.READ_GSERVICES
ADDED from src/main/AndroidManifest.xml:38:1-114
REJECTED from [io.nlopez.smartlocation:library:3.2.11] AndroidManifest.xml:15:5-98
	tools:node
		ADDED from src/main/AndroidManifest.xml:38:92-111
	android:name
		ADDED from src/main/AndroidManifest.xml:38:18-91
uses-permission#com.htc.launcher.permission.READ_SETTINGS
ADDED from src/main/AndroidManifest.xml:39:1-97
REJECTED from [me.leolin:ShortcutBadger:1.1.4] AndroidManifest.xml:23:5-81
	tools:node
		ADDED from src/main/AndroidManifest.xml:39:75-94
	android:name
		ADDED from src/main/AndroidManifest.xml:39:18-74
uses-permission#com.htc.launcher.permission.UPDATE_SHORTCUT
ADDED from src/main/AndroidManifest.xml:40:1-99
REJECTED from [me.leolin:ShortcutBadger:1.1.4] AndroidManifest.xml:24:5-83
	tools:node
		ADDED from src/main/AndroidManifest.xml:40:77-96
	android:name
		ADDED from src/main/AndroidManifest.xml:40:18-76
uses-permission#com.majeur.launcher.permission.UPDATE_BADGE
ADDED from src/main/AndroidManifest.xml:41:1-99
REJECTED from [me.leolin:ShortcutBadger:1.1.4] AndroidManifest.xml:33:5-83
	tools:node
		ADDED from src/main/AndroidManifest.xml:41:77-96
	android:name
		ADDED from src/main/AndroidManifest.xml:41:18-76
uses-permission#com.sec.android.provider.badge.permission.READ
ADDED from src/main/AndroidManifest.xml:42:1-102
REJECTED from [me.leolin:ShortcutBadger:1.1.4] AndroidManifest.xml:19:5-86
	tools:node
		ADDED from src/main/AndroidManifest.xml:42:80-99
	android:name
		ADDED from src/main/AndroidManifest.xml:42:18-79
uses-permission#com.sec.android.provider.badge.permission.WRITE
ADDED from src/main/AndroidManifest.xml:43:1-103
REJECTED from [me.leolin:ShortcutBadger:1.1.4] AndroidManifest.xml:20:5-87
	tools:node
		ADDED from src/main/AndroidManifest.xml:43:81-100
	android:name
		ADDED from src/main/AndroidManifest.xml:43:18-80
uses-permission#com.sonyericsson.home.permission.BROADCAST_BADGE
ADDED from src/main/AndroidManifest.xml:44:1-104
REJECTED from [me.leolin:ShortcutBadger:1.1.4] AndroidManifest.xml:27:5-88
	tools:node
		ADDED from src/main/AndroidManifest.xml:44:82-101
	android:name
		ADDED from src/main/AndroidManifest.xml:44:18-81
uses-feature#0x00020000
ADDED from src/main/AndroidManifest.xml:49:3-77
MERGED from [com.google.android.gms:play-services-maps:12.0.1] AndroidManifest.xml:26:5-28:35
	android:glEsVersion
		ADDED from src/main/AndroidManifest.xml:49:17-49
	android:required
		ADDED from src/main/AndroidManifest.xml:49:50-74
application
ADDED from src/main/AndroidManifest.xml:51:3-272:17
MERGED from [host.exp.exponent:expoview:28.0.0] AndroidManifest.xml:68:5-84:19
MERGED from [com.facebook.react:react-native:28.0.0] AndroidManifest.xml:13:5-20
MERGED from [host.exp:reactandroid-abi28_0_0:1.0.0] AndroidManifest.xml:13:5-20
MERGED from [host.exp:reactandroid-abi27_0_0:1.0.0] AndroidManifest.xml:13:5-20
MERGED from [host.exp:reactandroid-abi26_0_0:1.0.0] AndroidManifest.xml:13:5-20
MERGED from [host.exp:reactandroid-abi25_0_0:1.0.0] AndroidManifest.xml:13:5-20
MERGED from [host.exp:reactandroid-abi24_0_0:1.0.0] AndroidManifest.xml:13:5-20
MERGED from [host.exp:reactandroid-abi23:1.0.0] AndroidManifest.xml:13:5-20
MERGED from [host.exp:reactandroid-abi22:1.0.0] AndroidManifest.xml:13:5-20
MERGED from [com.facebook.soloader:soloader:0.1.0] AndroidManifest.xml:3:3-17
MERGED from [org.webkit:android-jsc:r174650] AndroidManifest.xml:2:3-17
MERGED from [com.crashlytics.sdk.android:crashlytics:2.5.5] AndroidManifest.xml:11:5-20
MERGED from [com.crashlytics.sdk.android:crashlytics-core:2.3.8] AndroidManifest.xml:11:5-20
MERGED from [com.crashlytics.sdk.android:answers:1.3.6] AndroidManifest.xml:11:5-20
MERGED from [io.fabric.sdk.android:fabric:1.3.10] AndroidManifest.xml:27:5-20
MERGED from [com.crashlytics.sdk.android:beta:1.1.4] AndroidManifest.xml:11:5-20
MERGED from [com.facebook.android:facebook-android-sdk:4.28.0] AndroidManifest.xml:28:5-29:19
MERGED from [com.facebook.android:facebook-login:4.28.0] AndroidManifest.xml:28:5-29:19
MERGED from [com.facebook.android:facebook-share:4.28.0] AndroidManifest.xml:28:5-29:19
MERGED from [com.facebook.android:facebook-common:4.28.0] AndroidManifest.xml:28:5-34:19
MERGED from [com.facebook.android:facebook-places:4.28.0] AndroidManifest.xml:28:5-29:19
MERGED from [com.facebook.android:facebook-applinks:4.28.0] AndroidManifest.xml:28:5-29:19
MERGED from [com.facebook.android:facebook-messenger:4.28.0] AndroidManifest.xml:28:5-29:19
MERGED from [com.facebook.android:facebook-core:4.28.0] AndroidManifest.xml:28:5-43:19
MERGED from [com.facebook.android:audience-network-sdk:4.26.1] AndroidManifest.xml:14:5-18:19
MERGED from [com.google.android.gms:play-services-gcm:12.0.1] AndroidManifest.xml:26:5-20
MERGED from [com.google.android.gms:play-services-iid:12.0.1] AndroidManifest.xml:26:5-20
MERGED from [com.google.android.gms:play-services-iid-license:12.0.1] AndroidManifest.xml:22:5-20
MERGED from [com.google.android.gms:play-services-gcm-license:12.0.1] AndroidManifest.xml:22:5-20
MERGED from [com.google.android.gms:play-services-analytics:12.0.1] AndroidManifest.xml:29:5-45:19
MERGED from [com.google.android.gms:play-services-tagmanager-v4-impl:12.0.1] AndroidManifest.xml:22:5-20
MERGED from [com.google.android.gms:play-services-analytics-impl:12.0.1] AndroidManifest.xml:29:5-20
MERGED from [com.google.android.gms:play-services-analytics-impl-license:12.0.1] AndroidManifest.xml:22:5-20
MERGED from [com.google.android.gms:play-services-tagmanager-v4-impl-license:12.0.1] AndroidManifest.xml:22:5-20
MERGED from [com.google.android.gms:play-services-analytics-license:12.0.1] AndroidManifest.xml:22:5-20
MERGED from [com.google.android.gms:play-services-auth:12.0.1] AndroidManifest.xml:22:5-37:19
MERGED from [com.google.android.gms:play-services-auth-api-phone-license:12.0.1] AndroidManifest.xml:22:5-20
MERGED from [com.google.android.gms:play-services-auth-base-license:12.0.1] AndroidManifest.xml:22:5-20
MERGED from [com.google.android.gms:play-services-ads-lite:12.0.1] AndroidManifest.xml:26:5-34:19
MERGED from [com.google.android.gms:play-services-ads-lite-license:12.0.1] AndroidManifest.xml:22:5-20
MERGED from [com.google.android.gms:play-services-gass:12.0.1] AndroidManifest.xml:7:5-20
MERGED from [com.google.android.gms:play-services-gass-license:12.0.1] AndroidManifest.xml:22:5-20
MERGED from [com.google.android.gms:play-services-ads-license:12.0.1] AndroidManifest.xml:22:5-20
MERGED from [com.google.android.gms:play-services-fitness:12.0.1] AndroidManifest.xml:22:5-20
MERGED from [com.google.android.gms:play-services-location:12.0.1] AndroidManifest.xml:7:5-20
MERGED from [com.google.android.gms:play-services-location-license:12.0.1] AndroidManifest.xml:22:5-20
MERGED from [com.google.android.gms:play-services-fitness-license:12.0.1] AndroidManifest.xml:22:5-20
MERGED from [com.google.android.gms:play-services-vision:12.0.1] AndroidManifest.xml:7:5-20
MERGED from [com.google.android.gms:play-services-vision-common:12.0.1] AndroidManifest.xml:7:5-20
MERGED from [com.google.android.gms:play-services-vision-common-license:12.0.1] AndroidManifest.xml:22:5-20
MERGED from [com.google.android.gms:play-services-vision-license:12.0.1] AndroidManifest.xml:22:5-20
MERGED from [com.google.android.gms:play-services-identity:12.0.1] AndroidManifest.xml:22:5-20
MERGED from [com.google.android.gms:play-services-identity-license:12.0.1] AndroidManifest.xml:22:5-20
MERGED from [com.google.android.gms:play-services-maps:12.0.1] AndroidManifest.xml:30:5-20
MERGED from [com.google.android.gms:play-services-base:12.0.1] AndroidManifest.xml:22:5-27:19
MERGED from [com.google.android.gms:play-services-base-license:12.0.1] AndroidManifest.xml:22:5-20
MERGED from [com.google.android.gms:play-services-maps-license:12.0.1] AndroidManifest.xml:22:5-20
MERGED from [com.google.android.gms:play-services-wallet-license:12.0.1] AndroidManifest.xml:22:5-20
MERGED from [com.raizlabs.android:DBFlow:2.2.1] AndroidManifest.xml:11:5-20
MERGED from [net.openid:appauth:0.4.1] AndroidManifest.xml:26:5-44:19
MERGED from [com.airbnb.android:lottie:2.5.5] AndroidManifest.xml:11:5-20
MERGED from [com.crashlytics.sdk.android:answers-shim:0.0.6] AndroidManifest.xml:11:5-20
MERGED from [io.nlopez.smartlocation:library:3.2.11] AndroidManifest.xml:18:5-28:19
MERGED from [com.google.android:cameraview:1.0.0] AndroidManifest.xml:32:5-20
MERGED from [com.google.firebase:firebase-messaging:12.0.1] AndroidManifest.xml:22:5-35:19
MERGED from [com.google.firebase:firebase-messaging-license:12.0.1] AndroidManifest.xml:22:5-20
MERGED from [com.google.maps.android:android-maps-utils:0.5] AndroidManifest.xml:7:5-11:19
MERGED from [com.google.firebase:firebase-core:12.0.1] AndroidManifest.xml:5:5-20
MERGED from [com.google.firebase:firebase-analytics:12.0.1] AndroidManifest.xml:27:5-52:19
MERGED from [com.google.firebase:firebase-analytics-impl:12.0.1] AndroidManifest.xml:27:5-38:19
MERGED from [com.google.firebase:firebase-iid:12.0.1] AndroidManifest.xml:34:5-57:19
MERGED from [com.google.firebase:firebase-iid-license:12.0.1] AndroidManifest.xml:22:5-20
MERGED from [com.google.firebase:firebase-common:12.0.1] AndroidManifest.xml:7:5-13:19
MERGED from [com.google.firebase:firebase-common-license:12.0.1] AndroidManifest.xml:22:5-20
MERGED from [com.google.android.gms:play-services-tasks:12.0.1] AndroidManifest.xml:7:5-20
MERGED from [com.google.android.gms:play-services-basement:12.0.1] AndroidManifest.xml:22:5-26:19
MERGED from [com.android.support:support-v4:26.1.0] AndroidManifest.xml:25:5-29:19
MERGED from [com.android.support:support-media-compat:26.1.0] AndroidManifest.xml:25:5-29:19
MERGED from [com.google.android.gms:play-services-basement-license:12.0.1] AndroidManifest.xml:22:5-20
MERGED from [com.google.android.gms:play-services-tasks-license:12.0.1] AndroidManifest.xml:22:5-20
MERGED from [com.google.firebase:firebase-analytics-impl-license:12.0.1] AndroidManifest.xml:22:5-20
MERGED from [com.google.firebase:firebase-analytics-license:12.0.1] AndroidManifest.xml:22:5-20
	android:label
		ADDED from src/main/AndroidManifest.xml:55:5-37
	android:supportsRtl
		ADDED from [com.facebook.android:facebook-android-sdk:4.28.0] AndroidManifest.xml:28:18-44
	android:allowBackup
		ADDED from src/main/AndroidManifest.xml:53:5-31
	android:icon
		ADDED from src/main/AndroidManifest.xml:54:5-39
	android:largeHeap
		ADDED from src/main/AndroidManifest.xml:56:5-29
	android:name
		ADDED from src/main/AndroidManifest.xml:52:5-36
activity#host.exp.exponent.LauncherActivity
ADDED from src/main/AndroidManifest.xml:58:5-65:16
	android:screenOrientation
		ADDED from src/main/AndroidManifest.xml:62:7-43
	android:launchMode
		ADDED from src/main/AndroidManifest.xml:61:7-38
	android:exported
		ADDED from src/main/AndroidManifest.xml:60:7-30
	android:theme
		ADDED from src/main/AndroidManifest.xml:63:7-66
	android:name
		ADDED from src/main/AndroidManifest.xml:59:7-39
activity#host.exp.exponent.experience.ExperienceActivity
ADDED from src/main/AndroidManifest.xml:67:5-72:16
	android:windowSoftInputMode
		ADDED from src/main/AndroidManifest.xml:71:7-49
	android:configChanges
		ADDED from src/main/AndroidManifest.xml:69:7-77
	android:theme
		ADDED from src/main/AndroidManifest.xml:70:7-50
	android:name
		ADDED from src/main/AndroidManifest.xml:68:7-52
activity#host.exp.exponent.MainActivity
ADDED from src/main/AndroidManifest.xml:74:5-94:16
	android:launchMode
		ADDED from src/main/AndroidManifest.xml:77:7-38
	android:exported
		ADDED from src/main/AndroidManifest.xml:76:7-30
	android:windowSoftInputMode
		ADDED from src/main/AndroidManifest.xml:80:7-49
	android:configChanges
		ADDED from src/main/AndroidManifest.xml:78:7-77
	android:theme
		ADDED from src/main/AndroidManifest.xml:79:7-51
	android:name
		ADDED from src/main/AndroidManifest.xml:75:7-35
intent-filter#android.intent.action.VIEW+android.intent.category.BROWSABLE+android.intent.category.DEFAULT
ADDED from src/main/AndroidManifest.xml:81:7-88:23
data
ADDED from src/main/AndroidManifest.xml:82:9-69
	android:scheme
		ADDED from src/main/AndroidManifest.xml:82:15-67
action#android.intent.action.VIEW
ADDED from src/main/AndroidManifest.xml:84:9-60
	android:name
		ADDED from src/main/AndroidManifest.xml:84:17-58
category#android.intent.category.DEFAULT
ADDED from src/main/AndroidManifest.xml:86:9-67
	android:name
		ADDED from src/main/AndroidManifest.xml:86:19-65
category#android.intent.category.BROWSABLE
ADDED from src/main/AndroidManifest.xml:87:9-69
	android:name
		ADDED from src/main/AndroidManifest.xml:87:19-67
intent-filter#android.intent.action.MAIN+android.intent.category.LAUNCHER
ADDED from src/main/AndroidManifest.xml:89:7-93:23
action#android.intent.action.MAIN
ADDED from src/main/AndroidManifest.xml:90:9-60
	android:name
		ADDED from src/main/AndroidManifest.xml:90:17-58
category#android.intent.category.LAUNCHER
ADDED from src/main/AndroidManifest.xml:92:9-68
	android:name
		ADDED from src/main/AndroidManifest.xml:92:19-66
activity#host.exp.exponent.experience.ShellAppActivity
ADDED from src/main/AndroidManifest.xml:96:5-102:16
	android:windowSoftInputMode
		ADDED from src/main/AndroidManifest.xml:100:7-49
	android:configChanges
		ADDED from src/main/AndroidManifest.xml:98:7-77
	android:theme
		ADDED from src/main/AndroidManifest.xml:99:7-51
	android:name
		ADDED from src/main/AndroidManifest.xml:97:7-50
activity#host.exp.exponent.experience.HomeActivity
ADDED from src/main/AndroidManifest.xml:104:5-110:16
	android:screenOrientation
		ADDED from src/main/AndroidManifest.xml:108:7-43
	android:label
		ADDED from src/main/AndroidManifest.xml:106:7-39
	android:launchMode
		ADDED from src/main/AndroidManifest.xml:107:7-38
	android:theme
		ADDED from src/main/AndroidManifest.xml:109:7-50
	android:name
		ADDED from src/main/AndroidManifest.xml:105:7-46
activity#com.facebook.react.devsupport.DevSettingsActivity
ADDED from src/main/AndroidManifest.xml:112:5-81
	android:name
		ADDED from src/main/AndroidManifest.xml:112:15-79
activity#abi28_0_0.com.facebook.react.devsupport.DevSettingsActivity
ADDED from src/main/AndroidManifest.xml:114:5-91
	android:name
		ADDED from src/main/AndroidManifest.xml:114:15-89
activity#abi27_0_0.com.facebook.react.devsupport.DevSettingsActivity
ADDED from src/main/AndroidManifest.xml:115:5-91
	android:name
		ADDED from src/main/AndroidManifest.xml:115:15-89
activity#abi26_0_0.com.facebook.react.devsupport.DevSettingsActivity
ADDED from src/main/AndroidManifest.xml:116:5-91
	android:name
		ADDED from src/main/AndroidManifest.xml:116:15-89
activity#abi25_0_0.com.facebook.react.devsupport.DevSettingsActivity
ADDED from src/main/AndroidManifest.xml:117:5-91
	android:name
		ADDED from src/main/AndroidManifest.xml:117:15-89
activity#abi24_0_0.com.facebook.react.devsupport.DevSettingsActivity
ADDED from src/main/AndroidManifest.xml:118:5-91
	android:name
		ADDED from src/main/AndroidManifest.xml:118:15-89
activity#abi23_0_0.com.facebook.react.devsupport.DevSettingsActivity
ADDED from src/main/AndroidManifest.xml:119:5-91
	android:name
		ADDED from src/main/AndroidManifest.xml:119:15-89
activity#abi22_0_0.com.facebook.react.devsupport.DevSettingsActivity
ADDED from src/main/AndroidManifest.xml:120:5-91
	android:name
		ADDED from src/main/AndroidManifest.xml:120:15-89
activity#host.exp.exponent.ExponentDevActivity
ADDED from src/main/AndroidManifest.xml:122:5-129:16
	android:screenOrientation
		ADDED from src/main/AndroidManifest.xml:126:7-43
	android:label
		ADDED from src/main/AndroidManifest.xml:125:7-48
	android:exported
		ADDED from src/main/AndroidManifest.xml:124:7-30
	android:windowSoftInputMode
		ADDED from src/main/AndroidManifest.xml:128:7-46
	android:theme
		ADDED from src/main/AndroidManifest.xml:127:7-49
	android:name
		ADDED from src/main/AndroidManifest.xml:123:7-42
activity#host.exp.exponent.oauth.OAuthWebViewActivity
ADDED from src/main/AndroidManifest.xml:131:5-135:16
	android:screenOrientation
		ADDED from src/main/AndroidManifest.xml:133:7-43
	android:theme
		ADDED from src/main/AndroidManifest.xml:134:7-50
	android:name
		ADDED from src/main/AndroidManifest.xml:132:7-49
activity#net.openid.appauth.RedirectUriReceiverActivity
ADDED from src/main/AndroidManifest.xml:137:5-146:16
REJECTED from [net.openid:appauth:0.4.1] AndroidManifest.xml:32:9-43:20
	tools:node
		ADDED from src/main/AndroidManifest.xml:139:9-29
	android:name
		ADDED from src/main/AndroidManifest.xml:138:9-70
activity#host.exp.exponent.oauth.OAuthResultActivity
ADDED from src/main/AndroidManifest.xml:148:5-150:16
	android:name
		ADDED from src/main/AndroidManifest.xml:149:7-48
activity#host.exp.exponent.chrometabs.ChromeTabsManagerActivity
ADDED from src/main/AndroidManifest.xml:152:5-154:16
	android:name
		ADDED from src/main/AndroidManifest.xml:153:7-59
activity#host.exp.exponent.experience.ErrorActivity
ADDED from src/main/AndroidManifest.xml:156:5-160:16
	android:screenOrientation
		ADDED from src/main/AndroidManifest.xml:159:7-43
	android:theme
		ADDED from src/main/AndroidManifest.xml:158:7-49
	android:name
		ADDED from src/main/AndroidManifest.xml:157:7-47
activity#host.exp.exponent.experience.InfoActivity
ADDED from src/main/AndroidManifest.xml:162:5-166:16
	android:screenOrientation
		ADDED from src/main/AndroidManifest.xml:164:7-43
	android:theme
		ADDED from src/main/AndroidManifest.xml:165:7-50
	android:name
		ADDED from src/main/AndroidManifest.xml:163:7-46
activity#com.facebook.FacebookActivity
ADDED from src/main/AndroidManifest.xml:168:5-173:39
MERGED from [com.facebook.android:facebook-common:4.28.0] AndroidManifest.xml:29:9-32:66
	android:label
		ADDED from src/main/AndroidManifest.xml:171:7-39
	android:configChanges
		ADDED from src/main/AndroidManifest.xml:170:7-90
	android:theme
		ADDED from src/main/AndroidManifest.xml:172:7-66
		REJECTED from [com.facebook.android:facebook-common:4.28.0] AndroidManifest.xml:32:13-63
	tools:replace
		ADDED from src/main/AndroidManifest.xml:173:7-36
	android:name
		ADDED from src/main/AndroidManifest.xml:169:7-51
activity#com.facebook.ads.InterstitialAdActivity
ADDED from src/main/AndroidManifest.xml:175:5-179:69
	android:label
		ADDED from src/main/AndroidManifest.xml:178:7-39
	android:configChanges
		ADDED from src/main/AndroidManifest.xml:177:7-90
	android:theme
		ADDED from src/main/AndroidManifest.xml:179:7-66
	android:name
		ADDED from src/main/AndroidManifest.xml:176:7-61
service#host.exp.exponent.ExponentIntentService
ADDED from src/main/AndroidManifest.xml:181:5-183:34
	android:exported
		ADDED from src/main/AndroidManifest.xml:183:7-31
	android:name
		ADDED from src/main/AndroidManifest.xml:182:7-44
receiver#host.exp.exponent.referrer.InstallReferrerReceiver